e:\yolo detect\imgui-master\imgui-master\examples\example_win32_opengl3\release\vc143.pdb
e:\yolo detect\imgui-master\imgui-master\examples\example_win32_opengl3\release\yolo.obj
e:\yolo detect\imgui-master\imgui-master\examples\example_win32_opengl3\release\main.obj
e:\yolo detect\imgui-master\imgui-master\examples\example_win32_opengl3\release\imgui_impl_win32.obj
e:\yolo detect\imgui-master\imgui-master\examples\example_win32_opengl3\release\imgui_impl_opengl3.obj
e:\yolo detect\imgui-master\imgui-master\examples\example_win32_opengl3\release\imgui_widgets.obj
e:\yolo detect\imgui-master\imgui-master\examples\example_win32_opengl3\release\imgui_tables.obj
e:\yolo detect\imgui-master\imgui-master\examples\example_win32_opengl3\release\imgui_draw.obj
e:\yolo detect\imgui-master\imgui-master\examples\example_win32_opengl3\release\imgui_demo.obj
e:\yolo detect\imgui-master\imgui-master\examples\example_win32_opengl3\release\imgui.obj
e:\yolo detect\imgui-master\imgui-master\examples\example_win32_opengl3\release\example_win32_opengl3.ipdb
e:\yolo detect\imgui-master\imgui-master\examples\example_win32_opengl3\release\example_win32_opengl3.iobj
e:\yolo detect\imgui-master\imgui-master\examples\example_win32_opengl3\release\example_win32_opengl3.exe
e:\yolo detect\imgui-master\imgui-master\examples\example_win32_opengl3\release\example_win32_opengl3.pdb
e:\yolo detect\imgui-master\imgui-master\examples\example_win32_opengl3\release\example_win32_opengl3.vcxproj.filelistabsolute.txt
e:\yolo detect\imgui-master\imgui-master\examples\example_win32_opengl3\release\example_.c624e5ff.tlog\cl.command.1.tlog
e:\yolo detect\imgui-master\imgui-master\examples\example_win32_opengl3\release\example_.c624e5ff.tlog\cl.read.1.tlog
e:\yolo detect\imgui-master\imgui-master\examples\example_win32_opengl3\release\example_.c624e5ff.tlog\cl.write.1.tlog
e:\yolo detect\imgui-master\imgui-master\examples\example_win32_opengl3\release\example_.c624e5ff.tlog\link.command.1.tlog
e:\yolo detect\imgui-master\imgui-master\examples\example_win32_opengl3\release\example_.c624e5ff.tlog\link.read.1.tlog
e:\yolo detect\imgui-master\imgui-master\examples\example_win32_opengl3\release\example_.c624e5ff.tlog\link.write.1.tlog
e:\yolo detect\imgui-master\imgui-master\examples\example_win32_opengl3\release\example_.c624e5ff.tlog\link.write.2u.tlog
